Encuentre nuestro resultado de análisis abajo.
Para hacer su sitio web funcional otra vez usted necesita cambiar permisos del archivo por lo menos a 604 después de limpiar.

Los siguientes archivos han sido subidos probablemente por hackers.
Por favor cheque estos archivos y elimínelos si es necesario.
~/clickandbuilds/GrupoOnix/wp-content/plugins/ultimate-member/fiqgygnt.php
~/clickandbuilds/GrupoOnix/wp-content/plugins/googledriveembedder-enterprise/lang/nqyuqglo.php
~/clickandbuilds/GrupoOnix/wp-content/plugins/um-recaptcha/admin/rhwfgipo.php
~/clickandbuilds/GrupoOnix/wp-content/languages/plugins/cphiugyp.php
~/clickandbuilds/GrupoOnix/wp-includes/images/media/.3c3c7c52.ico
~/clickandbuilds/GrupoOnix/wp-content/plugins/google-apps-login/js/prpegzex.php
~/clickandbuilds/GrupoOnix/wp-content/plugins/tawkto-live-chat/templates/ifkptmus.php
~/clickandbuilds/GrupoOnix/wp-content/uploads/2017/12/rmffjanb.php
~/clickandbuilds/GrupoOnix/wp-includes/SimplePie/Cache/rtbe8wqa3v.php
~/clickandbuilds/GrupoOnix/m9e3uvu2ai.php
~/clickandbuilds/GrupoOnix/wp-content/plugins/ultimate-member/admin/bdb7088f.php
~/clickandbuilds/GrupoOnix/wp-content/themes/twentysixteen/css/ftflqjpy.php
~/clickandbuilds/GrupoOnix/wp-content/plugins/google-apps-login/r4k5drnuv3.php
~/clickandbuilds/GrupoOnix/wp-includes/customize/zjkergfb.php
~/clickandbuilds/GrupoOnix/wp-content/plugins/export-user-data/.8add29b6.ico
~/clickandbuilds/GrupoOnix/wp-content/plugins/events-manager/includes/langs/47af01bc.php
~/clickandbuilds/GrupoOnix/wp-content/uploads/2017/08/gzblpwib.php
~/clickandbuilds/GrupoOnix/7kfe0z0gl4.php

Los siguientes archivos han sido probablemente modificados por hackers.
Cheque estos archivos y vuelva a cargarlos usando una copia de seguridad limpia.
~/clickandbuilds/GrupoOnix/wp-content/plugins/google-apps-login/core/Google/Verifier/Abstract.php
~/clickandbuilds/GrupoOnix/wp-admin/includes/class-plugin-upgrader.php
~/clickandbuilds/GrupoOnix/wp-includes/random_compat/random.php
~/clickandbuilds/GrupoOnix/wp-content/plugins/database-browser/tests/Output_Base_Test.php
~/clickandbuilds/GrupoOnix/wp-content/plugins/google-apps-login/core/Google/Service/Replicapoolupdater.php
~/clickandbuilds/GrupoOnix/.metadata/index.php
~/clickandbuilds/GrupoOnix/index.php
~/clickandbuilds/GrupoOnix/wp-config.php
~/clickandbuilds/GrupoOnix/wp-includes/feed-atom-comments.php
~/clickandbuilds/GrupoOnix/wp-content/plugins/1and1-wordpress-assistant/inc/theme-manager.php
~/clickandbuilds/GrupoOnix/wp-content/plugins/manage-notification-emails/includes/pluggable-functions-1.2.php
~/clickandbuilds/GrupoOnix/wp-settings.php

