Encuentre nuestro resultado de análisis abajo.
Para hacer su sitio web funcional otra vez usted necesita cambiar permisos del archivo por lo menos a 604 después de limpiar.

Los siguientes archivos han sido subidos probablemente por hackers.
Por favor cheque estos archivos y elimínelos si es necesario.
~/clickandbuilds/GrupoOnix/wp-content/plugins/events-manager/includes/langs/47af01bc.php
~/clickandbuilds/GrupoOnix/wp-content/plugins/um-recaptcha/admin/rhwfgipo.php
~/clickandbuilds/GrupoOnix/wp-content/plugins/tawkto-live-chat/templates/ifkptmus.php
~/clickandbuilds/GrupoOnix/wp-includes/customize/zjkergfb.php
~/clickandbuilds/GrupoOnix/wp-content/plugins/ultimate-member/fiqgygnt.php
~/clickandbuilds/GrupoOnix/wp-content/uploads/2017/08/gzblpwib.php

Los siguientes archivos han sido probablemente modificados por hackers.
Cheque estos archivos y vuelva a cargarlos usando una copia de seguridad limpia.
~/clickandbuilds/GrupoOnix/wp-config.php
~/clickandbuilds/GrupoOnix/wp-admin/includes/class-plugin-upgrader.php
~/clickandbuilds/GrupoOnix/wp-content/plugins/google-apps-login/core/Google/Service/Replicapoolupdater.php
~/clickandbuilds/GrupoOnix/wp-content/plugins/google-apps-login/core/Google/Verifier/Abstract.php
~/clickandbuilds/GrupoOnix/wp-includes/random_compat/random.php
~/clickandbuilds/GrupoOnix/.metadata/index.php
~/clickandbuilds/GrupoOnix/wp-content/plugins/1and1-wordpress-assistant/inc/theme-manager.php
~/clickandbuilds/GrupoOnix/wp-includes/feed-atom-comments.php
~/clickandbuilds/GrupoOnix/wp-content/plugins/manage-notification-emails/includes/pluggable-functions-1.2.php

